{"/Users/danielconnolly/Projects/Performia/frontend/src/adapters/index.ts": {"path":"/Users/danielconnolly/Projects/Performia/frontend/src/adapters/index.ts","all":false,"statementMap":{"7":{"start":{"line":8,"column":0},"end":{"line":8,"column":8}},"34":{"start":{"line":35,"column":0},"end":{"line":35,"column":8}},"40":{"start":{"line":41,"column":0},"end":{"line":41,"column":8}},"46":{"start":{"line":47,"column":0},"end":{"line":47,"column":8}},"57":{"start":{"line":58,"column":0},"end":{"line":58,"column":8}},"63":{"start":{"line":64,"column":0},"end":{"line":64,"column":8}},"70":{"start":{"line":71,"column":0},"end":{"line":71,"column":8}},"79":{"start":{"line":80,"column":0},"end":{"line":80,"column":8}}},"s":{"7":1,"34":1,"40":1,"46":1,"57":1,"63":1,"70":1,"79":1},"branchMap":{},"b":{},"fnMap":{},"f":{}}
,"/Users/danielconnolly/Projects/Performia/frontend/src/adapters/songMapAdapter.ts": {"path":"/Users/danielconnolly/Projects/Performia/frontend/src/adapters/songMapAdapter.ts","all":false,"statementMap":{"13":{"start":{"line":14,"column":0},"end":{"line":14,"column":8}},"21":{"start":{"line":22,"column":0},"end":{"line":22,"column":51}},"22":{"start":{"line":23,"column":0},"end":{"line":23,"column":81}},"27":{"start":{"line":28,"column":0},"end":{"line":28,"column":51}},"28":{"start":{"line":29,"column":0},"end":{"line":29,"column":12}},"29":{"start":{"line":30,"column":0},"end":{"line":30,"column":13}},"30":{"start":{"line":31,"column":0},"end":{"line":31,"column":26}},"31":{"start":{"line":32,"column":0},"end":{"line":32,"column":29}},"32":{"start":{"line":33,"column":0},"end":{"line":33,"column":22}},"33":{"start":{"line":34,"column":0},"end":{"line":34,"column":2}},"58":{"start":{"line":59,"column":0},"end":{"line":59,"column":39}},"59":{"start":{"line":60,"column":0},"end":{"line":60,"column":29}},"60":{"start":{"line":61,"column":0},"end":{"line":61,"column":26}},"61":{"start":{"line":62,"column":0},"end":{"line":62,"column":20}},"63":{"start":{"line":64,"column":0},"end":{"line":64,"column":43}},"64":{"start":{"line":65,"column":0},"end":{"line":65,"column":27}},"65":{"start":{"line":66,"column":0},"end":{"line":66,"column":43}},"66":{"start":{"line":67,"column":0},"end":{"line":67,"column":37}},"67":{"start":{"line":68,"column":0},"end":{"line":68,"column":20}},"68":{"start":{"line":69,"column":0},"end":{"line":69,"column":6}},"69":{"start":{"line":70,"column":0},"end":{"line":70,"column":3}},"72":{"start":{"line":73,"column":0},"end":{"line":73,"column":42}},"73":{"start":{"line":74,"column":0},"end":{"line":74,"column":23}},"74":{"start":{"line":75,"column":0},"end":{"line":75,"column":14}},"75":{"start":{"line":76,"column":0},"end":{"line":76,"column":4}},"77":{"start":{"line":78,"column":0},"end":{"line":78,"column":7}},"79":{"start":{"line":80,"column":0},"end":{"line":80,"column":49}},"82":{"start":{"line":83,"column":0},"end":{"line":83,"column":47}},"83":{"start":{"line":84,"column":0},"end":{"line":84,"column":50}},"84":{"start":{"line":85,"column":0},"end":{"line":85,"column":29}},"85":{"start":{"line":86,"column":0},"end":{"line":86,"column":29}},"88":{"start":{"line":89,"column":0},"end":{"line":89,"column":67}},"91":{"start":{"line":92,"column":0},"end":{"line":92,"column":35}},"92":{"start":{"line":93,"column":0},"end":{"line":93,"column":24}},"93":{"start":{"line":94,"column":0},"end":{"line":94,"column":24}},"94":{"start":{"line":95,"column":0},"end":{"line":95,"column":24}},"95":{"start":{"line":96,"column":0},"end":{"line":96,"column":30}},"96":{"start":{"line":97,"column":0},"end":{"line":97,"column":33}},"97":{"start":{"line":98,"column":0},"end":{"line":98,"column":25}},"98":{"start":{"line":99,"column":0},"end":{"line":99,"column":6}},"101":{"start":{"line":102,"column":0},"end":{"line":102,"column":12}},"102":{"start":{"line":103,"column":0},"end":{"line":103,"column":12}},"103":{"start":{"line":104,"column":0},"end":{"line":104,"column":13}},"104":{"start":{"line":105,"column":0},"end":{"line":105,"column":10}},"105":{"start":{"line":106,"column":0},"end":{"line":106,"column":10}},"106":{"start":{"line":107,"column":0},"end":{"line":107,"column":14}},"107":{"start":{"line":108,"column":0},"end":{"line":108,"column":6}},"108":{"start":{"line":109,"column":0},"end":{"line":109,"column":19}},"110":{"start":{"line":111,"column":0},"end":{"line":111,"column":40}},"111":{"start":{"line":112,"column":0},"end":{"line":112,"column":18}},"112":{"start":{"line":113,"column":0},"end":{"line":113,"column":5}},"115":{"start":{"line":116,"column":0},"end":{"line":116,"column":27}},"116":{"start":{"line":117,"column":0},"end":{"line":117,"column":91}},"117":{"start":{"line":118,"column":0},"end":{"line":118,"column":45}},"118":{"start":{"line":119,"column":0},"end":{"line":119,"column":42}},"119":{"start":{"line":120,"column":0},"end":{"line":120,"column":6}},"120":{"start":{"line":121,"column":0},"end":{"line":121,"column":3}},"121":{"start":{"line":122,"column":0},"end":{"line":122,"column":1}},"134":{"start":{"line":135,"column":0},"end":{"line":135,"column":38}},"135":{"start":{"line":136,"column":0},"end":{"line":136,"column":32}},"136":{"start":{"line":137,"column":0},"end":{"line":137,"column":26}},"137":{"start":{"line":138,"column":0},"end":{"line":138,"column":22}},"138":{"start":{"line":139,"column":0},"end":{"line":139,"column":38}},"139":{"start":{"line":140,"column":0},"end":{"line":140,"column":47}},"140":{"start":{"line":141,"column":0},"end":{"line":141,"column":4}},"141":{"start":{"line":142,"column":0},"end":{"line":142,"column":1}},"153":{"start":{"line":154,"column":0},"end":{"line":154,"column":43}},"154":{"start":{"line":155,"column":0},"end":{"line":155,"column":29}},"155":{"start":{"line":156,"column":0},"end":{"line":156,"column":26}},"156":{"start":{"line":157,"column":0},"end":{"line":157,"column":27}},"157":{"start":{"line":158,"column":0},"end":{"line":158,"column":7}},"158":{"start":{"line":159,"column":0},"end":{"line":159,"column":55}},"159":{"start":{"line":160,"column":0},"end":{"line":160,"column":19}},"160":{"start":{"line":161,"column":0},"end":{"line":161,"column":60}},"161":{"start":{"line":162,"column":0},"end":{"line":162,"column":16}},"162":{"start":{"line":163,"column":0},"end":{"line":163,"column":3}},"163":{"start":{"line":164,"column":0},"end":{"line":164,"column":1}},"174":{"start":{"line":175,"column":0},"end":{"line":175,"column":32}},"175":{"start":{"line":176,"column":0},"end":{"line":176,"column":34}},"176":{"start":{"line":177,"column":0},"end":{"line":177,"column":35}},"177":{"start":{"line":178,"column":0},"end":{"line":178,"column":20}},"178":{"start":{"line":179,"column":0},"end":{"line":179,"column":10}},"179":{"start":{"line":180,"column":0},"end":{"line":180,"column":10}},"180":{"start":{"line":181,"column":0},"end":{"line":181,"column":11}},"181":{"start":{"line":182,"column":0},"end":{"line":182,"column":19}},"182":{"start":{"line":183,"column":0},"end":{"line":183,"column":11}},"183":{"start":{"line":184,"column":0},"end":{"line":184,"column":16}},"184":{"start":{"line":185,"column":0},"end":{"line":185,"column":4}},"185":{"start":{"line":186,"column":0},"end":{"line":186,"column":1}},"195":{"start":{"line":196,"column":0},"end":{"line":196,"column":80}},"196":{"start":{"line":197,"column":0},"end":{"line":197,"column":7}},"198":{"start":{"line":199,"column":0},"end":{"line":199,"column":72}},"199":{"start":{"line":200,"column":0},"end":{"line":200,"column":19}},"200":{"start":{"line":201,"column":0},"end":{"line":201,"column":5}},"202":{"start":{"line":203,"column":0},"end":{"line":203,"column":69}},"203":{"start":{"line":204,"column":0},"end":{"line":204,"column":19}},"204":{"start":{"line":205,"column":0},"end":{"line":205,"column":5}},"206":{"start":{"line":207,"column":0},"end":{"line":207,"column":47}},"207":{"start":{"line":208,"column":0},"end":{"line":208,"column":19}},"208":{"start":{"line":209,"column":0},"end":{"line":209,"column":5}},"211":{"start":{"line":212,"column":0},"end":{"line":212,"column":49}},"212":{"start":{"line":213,"column":0},"end":{"line":213,"column":59}},"213":{"start":{"line":214,"column":0},"end":{"line":214,"column":21}},"214":{"start":{"line":215,"column":0},"end":{"line":215,"column":7}},"217":{"start":{"line":218,"column":0},"end":{"line":218,"column":41}},"218":{"start":{"line":219,"column":0},"end":{"line":219,"column":45}},"219":{"start":{"line":220,"column":0},"end":{"line":220,"column":23}},"220":{"start":{"line":221,"column":0},"end":{"line":221,"column":9}},"223":{"start":{"line":224,"column":0},"end":{"line":224,"column":48}},"224":{"start":{"line":225,"column":0},"end":{"line":225,"column":14}},"225":{"start":{"line":226,"column":0},"end":{"line":226,"column":29}},"226":{"start":{"line":227,"column":0},"end":{"line":227,"column":53}},"227":{"start":{"line":228,"column":0},"end":{"line":228,"column":52}},"228":{"start":{"line":229,"column":0},"end":{"line":229,"column":37}},"229":{"start":{"line":230,"column":0},"end":{"line":230,"column":33}},"230":{"start":{"line":231,"column":0},"end":{"line":231,"column":13}},"231":{"start":{"line":232,"column":0},"end":{"line":232,"column":25}},"232":{"start":{"line":233,"column":0},"end":{"line":233,"column":11}},"233":{"start":{"line":234,"column":0},"end":{"line":234,"column":9}},"234":{"start":{"line":235,"column":0},"end":{"line":235,"column":7}},"235":{"start":{"line":236,"column":0},"end":{"line":236,"column":5}},"237":{"start":{"line":238,"column":0},"end":{"line":238,"column":16}},"238":{"start":{"line":239,"column":0},"end":{"line":239,"column":19}},"239":{"start":{"line":240,"column":0},"end":{"line":240,"column":17}},"240":{"start":{"line":241,"column":0},"end":{"line":241,"column":3}},"241":{"start":{"line":242,"column":0},"end":{"line":242,"column":1}}},"s":{"13":1,"21":1,"22":1,"27":1,"28":1,"29":1,"30":1,"31":1,"32":1,"33":1,"58":1,"59":24,"60":24,"61":24,"63":24,"64":3,"65":3,"66":3,"67":3,"68":3,"69":3,"72":21,"73":21,"74":21,"75":21,"77":21,"79":21,"82":24,"83":24,"84":24,"85":24,"88":24,"91":24,"92":24,"93":24,"94":24,"95":24,"96":24,"97":24,"98":24,"101":24,"102":24,"103":24,"104":24,"105":24,"106":24,"107":24,"108":24,"110":0,"111":0,"112":0,"115":0,"116":0,"117":0,"118":0,"119":0,"120":0,"121":24,"134":1,"135":1,"136":1,"137":1,"138":1,"139":2,"140":1,"141":1,"153":1,"154":2,"155":2,"156":2,"157":2,"158":2,"159":2,"160":1,"161":1,"162":1,"163":2,"174":1,"175":6,"176":6,"177":6,"178":6,"179":6,"180":6,"181":6,"182":6,"183":6,"184":6,"185":6,"195":1,"196":6,"198":6,"199":1,"200":1,"202":6,"203":1,"204":1,"206":6,"207":0,"208":0,"211":6,"212":3,"213":1,"214":1,"217":3,"218":4,"219":0,"220":0,"223":4,"224":10,"225":10,"226":10,"227":10,"228":10,"229":10,"230":10,"231":0,"232":0,"233":10,"234":4,"235":2,"237":3,"238":6,"239":0,"240":0,"241":6},"branchMap":{"0":{"type":"branch","line":59,"loc":{"start":{"line":59,"column":7},"end":{"line":122,"column":1}},"locations":[{"start":{"line":59,"column":7},"end":{"line":122,"column":1}}]},"1":{"type":"branch","line":64,"loc":{"start":{"line":64,"column":42},"end":{"line":70,"column":3}},"locations":[{"start":{"line":64,"column":42},"end":{"line":70,"column":3}}]},"2":{"type":"branch","line":70,"loc":{"start":{"line":70,"column":2},"end":{"line":83,"column":32}},"locations":[{"start":{"line":70,"column":2},"end":{"line":83,"column":32}}]},"3":{"type":"branch","line":83,"loc":{"start":{"line":83,"column":23},"end":{"line":83,"column":47}},"locations":[{"start":{"line":83,"column":23},"end":{"line":83,"column":47}}]},"4":{"type":"branch","line":84,"loc":{"start":{"line":84,"column":24},"end":{"line":84,"column":50}},"locations":[{"start":{"line":84,"column":24},"end":{"line":84,"column":50}}]},"5":{"type":"branch","line":109,"loc":{"start":{"line":109,"column":2},"end":{"line":121,"column":3}},"locations":[{"start":{"line":109,"column":2},"end":{"line":121,"column":3}}]},"6":{"type":"branch","line":135,"loc":{"start":{"line":135,"column":7},"end":{"line":142,"column":1}},"locations":[{"start":{"line":135,"column":7},"end":{"line":142,"column":1}}]},"7":{"type":"branch","line":139,"loc":{"start":{"line":139,"column":25},"end":{"line":140,"column":47}},"locations":[{"start":{"line":139,"column":25},"end":{"line":140,"column":47}}]},"8":{"type":"branch","line":154,"loc":{"start":{"line":154,"column":7},"end":{"line":164,"column":1}},"locations":[{"start":{"line":154,"column":7},"end":{"line":164,"column":1}}]},"9":{"type":"branch","line":160,"loc":{"start":{"line":160,"column":2},"end":{"line":163,"column":3}},"locations":[{"start":{"line":160,"column":2},"end":{"line":163,"column":3}}]},"10":{"type":"branch","line":175,"loc":{"start":{"line":175,"column":7},"end":{"line":186,"column":1}},"locations":[{"start":{"line":175,"column":7},"end":{"line":186,"column":1}}]},"11":{"type":"branch","line":196,"loc":{"start":{"line":196,"column":7},"end":{"line":242,"column":1}},"locations":[{"start":{"line":196,"column":7},"end":{"line":242,"column":1}}]},"12":{"type":"branch","line":199,"loc":{"start":{"line":199,"column":21},"end":{"line":199,"column":53}},"locations":[{"start":{"line":199,"column":21},"end":{"line":199,"column":53}}]},"13":{"type":"branch","line":199,"loc":{"start":{"line":199,"column":43},"end":{"line":199,"column":71}},"locations":[{"start":{"line":199,"column":43},"end":{"line":199,"column":71}}]},"14":{"type":"branch","line":199,"loc":{"start":{"line":199,"column":71},"end":{"line":201,"column":5}},"locations":[{"start":{"line":199,"column":71},"end":{"line":201,"column":5}}]},"15":{"type":"branch","line":201,"loc":{"start":{"line":201,"column":4},"end":{"line":203,"column":68}},"locations":[{"start":{"line":201,"column":4},"end":{"line":203,"column":68}}]},"16":{"type":"branch","line":203,"loc":{"start":{"line":203,"column":68},"end":{"line":205,"column":5}},"locations":[{"start":{"line":203,"column":68},"end":{"line":205,"column":5}}]},"17":{"type":"branch","line":205,"loc":{"start":{"line":205,"column":4},"end":{"line":207,"column":46}},"locations":[{"start":{"line":205,"column":4},"end":{"line":207,"column":46}}]},"18":{"type":"branch","line":207,"loc":{"start":{"line":207,"column":46},"end":{"line":209,"column":5}},"locations":[{"start":{"line":207,"column":46},"end":{"line":209,"column":5}}]},"19":{"type":"branch","line":209,"loc":{"start":{"line":209,"column":4},"end":{"line":212,"column":48}},"locations":[{"start":{"line":209,"column":4},"end":{"line":212,"column":48}}]},"20":{"type":"branch","line":212,"loc":{"start":{"line":212,"column":48},"end":{"line":239,"column":11}},"locations":[{"start":{"line":212,"column":48},"end":{"line":239,"column":11}}]},"21":{"type":"branch","line":213,"loc":{"start":{"line":213,"column":58},"end":{"line":215,"column":7}},"locations":[{"start":{"line":213,"column":58},"end":{"line":215,"column":7}}]},"22":{"type":"branch","line":215,"loc":{"start":{"line":215,"column":6},"end":{"line":218,"column":40}},"locations":[{"start":{"line":215,"column":6},"end":{"line":218,"column":40}}]},"23":{"type":"branch","line":218,"loc":{"start":{"line":218,"column":40},"end":{"line":235,"column":7}},"locations":[{"start":{"line":218,"column":40},"end":{"line":235,"column":7}}]},"24":{"type":"branch","line":219,"loc":{"start":{"line":219,"column":44},"end":{"line":221,"column":9}},"locations":[{"start":{"line":219,"column":44},"end":{"line":221,"column":9}}]},"25":{"type":"branch","line":224,"loc":{"start":{"line":224,"column":47},"end":{"line":234,"column":9}},"locations":[{"start":{"line":224,"column":47},"end":{"line":234,"column":9}}]},"26":{"type":"branch","line":231,"loc":{"start":{"line":231,"column":12},"end":{"line":233,"column":11}},"locations":[{"start":{"line":231,"column":12},"end":{"line":233,"column":11}}]},"27":{"type":"branch","line":235,"loc":{"start":{"line":235,"column":6},"end":{"line":236,"column":5}},"locations":[{"start":{"line":235,"column":6},"end":{"line":236,"column":5}}]},"28":{"type":"branch","line":239,"loc":{"start":{"line":239,"column":2},"end":{"line":241,"column":3}},"locations":[{"start":{"line":239,"column":2},"end":{"line":241,"column":3}}]}},"b":{"0":[24],"1":[3],"2":[21],"3":[18],"4":[18],"5":[0],"6":[1],"7":[2],"8":[2],"9":[1],"10":[6],"11":[6],"12":[5],"13":[5],"14":[1],"15":[5],"16":[1],"17":[4],"18":[0],"19":[4],"20":[3],"21":[1],"22":[2],"23":[4],"24":[0],"25":[10],"26":[0],"27":[2],"28":[0]},"fnMap":{"0":{"name":"adaptBackendToFrontend","decl":{"start":{"line":59,"column":7},"end":{"line":122,"column":1}},"loc":{"start":{"line":59,"column":7},"end":{"line":122,"column":1}},"line":59},"1":{"name":"adaptMultipleSongMaps","decl":{"start":{"line":135,"column":7},"end":{"line":142,"column":1}},"loc":{"start":{"line":135,"column":7},"end":{"line":142,"column":1}},"line":135},"2":{"name":"adaptBackendToFrontendSafe","decl":{"start":{"line":154,"column":7},"end":{"line":164,"column":1}},"loc":{"start":{"line":154,"column":7},"end":{"line":164,"column":1}},"line":154},"3":{"name":"getEmptySongMap","decl":{"start":{"line":175,"column":7},"end":{"line":186,"column":1}},"loc":{"start":{"line":175,"column":7},"end":{"line":186,"column":1}},"line":175},"4":{"name":"validateFrontendSongMap","decl":{"start":{"line":196,"column":7},"end":{"line":242,"column":1}},"loc":{"start":{"line":196,"column":7},"end":{"line":242,"column":1}},"line":196}},"f":{"0":24,"1":1,"2":2,"3":6,"4":6}}
,"/Users/danielconnolly/Projects/Performia/frontend/src/adapters/types.ts": {"path":"/Users/danielconnolly/Projects/Performia/frontend/src/adapters/types.ts","all":false,"statementMap":{"157":{"start":{"line":158,"column":0},"end":{"line":158,"column":30}},"158":{"start":{"line":159,"column":0},"end":{"line":159,"column":34}},"159":{"start":{"line":160,"column":0},"end":{"line":160,"column":52}},"160":{"start":{"line":161,"column":0},"end":{"line":161,"column":44}},"161":{"start":{"line":162,"column":0},"end":{"line":162,"column":50}},"167":{"start":{"line":168,"column":0},"end":{"line":168,"column":41}},"168":{"start":{"line":169,"column":0},"end":{"line":169,"column":14}},"169":{"start":{"line":170,"column":0},"end":{"line":170,"column":20}},"170":{"start":{"line":171,"column":0},"end":{"line":171,"column":43}},"171":{"start":{"line":172,"column":0},"end":{"line":172,"column":33}},"172":{"start":{"line":173,"column":0},"end":{"line":173,"column":5}},"173":{"start":{"line":174,"column":0},"end":{"line":174,"column":19}},"174":{"start":{"line":175,"column":0},"end":{"line":175,"column":31}},"175":{"start":{"line":176,"column":0},"end":{"line":176,"column":3}},"176":{"start":{"line":177,"column":0},"end":{"line":177,"column":1}},"200":{"start":{"line":201,"column":0},"end":{"line":201,"column":74}},"201":{"start":{"line":202,"column":0},"end":{"line":202,"column":10}},"202":{"start":{"line":203,"column":0},"end":{"line":203,"column":31}},"203":{"start":{"line":204,"column":0},"end":{"line":204,"column":20}},"204":{"start":{"line":205,"column":0},"end":{"line":205,"column":34}},"205":{"start":{"line":206,"column":0},"end":{"line":206,"column":44}},"206":{"start":{"line":207,"column":0},"end":{"line":207,"column":49}},"207":{"start":{"line":208,"column":0},"end":{"line":208,"column":32}},"208":{"start":{"line":209,"column":0},"end":{"line":209,"column":36}},"209":{"start":{"line":210,"column":0},"end":{"line":210,"column":33}},"210":{"start":{"line":211,"column":0},"end":{"line":211,"column":33}},"211":{"start":{"line":212,"column":0},"end":{"line":212,"column":48}},"212":{"start":{"line":213,"column":0},"end":{"line":213,"column":47}},"214":{"start":{"line":215,"column":0},"end":{"line":215,"column":1}},"219":{"start":{"line":220,"column":0},"end":{"line":220,"column":76}},"220":{"start":{"line":221,"column":0},"end":{"line":221,"column":10}},"221":{"start":{"line":222,"column":0},"end":{"line":222,"column":31}},"222":{"start":{"line":223,"column":0},"end":{"line":223,"column":20}},"223":{"start":{"line":224,"column":0},"end":{"line":224,"column":37}},"224":{"start":{"line":225,"column":0},"end":{"line":225,"column":38}},"225":{"start":{"line":226,"column":0},"end":{"line":226,"column":35}},"226":{"start":{"line":227,"column":0},"end":{"line":227,"column":35}},"227":{"start":{"line":228,"column":0},"end":{"line":228,"column":32}},"229":{"start":{"line":230,"column":0},"end":{"line":230,"column":1}}},"s":{"157":1,"158":1,"159":1,"160":1,"161":1,"167":1,"168":1,"169":3,"170":3,"171":3,"172":3,"173":3,"174":3,"175":3,"176":1,"200":1,"201":24,"202":24,"203":24,"204":24,"205":24,"206":21,"207":21,"208":21,"209":21,"210":21,"211":21,"212":21,"214":24,"219":1,"220":0,"221":0,"222":0,"223":0,"224":0,"225":0,"226":0,"227":0,"229":0},"branchMap":{"0":{"type":"branch","line":158,"loc":{"start":{"line":158,"column":7},"end":{"line":158,"column":30}},"locations":[{"start":{"line":158,"column":7},"end":{"line":158,"column":30}}]},"1":{"type":"branch","line":169,"loc":{"start":{"line":169,"column":2},"end":{"line":176,"column":3}},"locations":[{"start":{"line":169,"column":2},"end":{"line":176,"column":3}}]},"2":{"type":"branch","line":201,"loc":{"start":{"line":201,"column":7},"end":{"line":215,"column":1}},"locations":[{"start":{"line":201,"column":7},"end":{"line":215,"column":1}}]},"3":{"type":"branch","line":206,"loc":{"start":{"line":206,"column":33},"end":{"line":207,"column":49}},"locations":[{"start":{"line":206,"column":33},"end":{"line":207,"column":49}}]},"4":{"type":"branch","line":207,"loc":{"start":{"line":207,"column":38},"end":{"line":208,"column":32}},"locations":[{"start":{"line":207,"column":38},"end":{"line":208,"column":32}}]},"5":{"type":"branch","line":208,"loc":{"start":{"line":208,"column":28},"end":{"line":209,"column":36}},"locations":[{"start":{"line":208,"column":28},"end":{"line":209,"column":36}}]},"6":{"type":"branch","line":209,"loc":{"start":{"line":209,"column":32},"end":{"line":210,"column":33}},"locations":[{"start":{"line":209,"column":32},"end":{"line":210,"column":33}}]},"7":{"type":"branch","line":210,"loc":{"start":{"line":210,"column":29},"end":{"line":211,"column":33}},"locations":[{"start":{"line":210,"column":29},"end":{"line":211,"column":33}}]},"8":{"type":"branch","line":211,"loc":{"start":{"line":211,"column":29},"end":{"line":212,"column":48}},"locations":[{"start":{"line":211,"column":29},"end":{"line":212,"column":48}}]},"9":{"type":"branch","line":212,"loc":{"start":{"line":212,"column":37},"end":{"line":213,"column":47}},"locations":[{"start":{"line":212,"column":37},"end":{"line":213,"column":47}}]}},"b":{"0":[4],"1":[3],"2":[24],"3":[21],"4":[21],"5":[21],"6":[21],"7":[21],"8":[21],"9":[21]},"fnMap":{"0":{"name":"AdapterError","decl":{"start":{"line":169,"column":2},"end":{"line":176,"column":3}},"loc":{"start":{"line":169,"column":2},"end":{"line":176,"column":3}},"line":169},"1":{"name":"isValidBackendSongMap","decl":{"start":{"line":201,"column":7},"end":{"line":215,"column":1}},"loc":{"start":{"line":201,"column":7},"end":{"line":215,"column":1}},"line":201},"2":{"name":"isValidFrontendSongMap","decl":{"start":{"line":220,"column":7},"end":{"line":230,"column":1}},"loc":{"start":{"line":220,"column":7},"end":{"line":230,"column":1}},"line":220}},"f":{"0":3,"1":24,"2":0}}
,"/Users/danielconnolly/Projects/Performia/frontend/src/adapters/utils/chordMapper.ts": {"path":"/Users/danielconnolly/Projects/Performia/frontend/src/adapters/utils/chordMapper.ts","all":false,"statementMap":{"7":{"start":{"line":8,"column":0},"end":{"line":8,"column":55}},"12":{"start":{"line":13,"column":0},"end":{"line":13,"column":58}},"26":{"start":{"line":27,"column":0},"end":{"line":27,"column":37}},"27":{"start":{"line":28,"column":0},"end":{"line":28,"column":25}},"28":{"start":{"line":29,"column":0},"end":{"line":29,"column":25}},"29":{"start":{"line":30,"column":0},"end":{"line":30,"column":61}},"30":{"start":{"line":31,"column":0},"end":{"line":31,"column":26}},"31":{"start":{"line":32,"column":0},"end":{"line":32,"column":23}},"32":{"start":{"line":33,"column":0},"end":{"line":33,"column":39}},"33":{"start":{"line":34,"column":0},"end":{"line":34,"column":21}},"34":{"start":{"line":35,"column":0},"end":{"line":35,"column":3}},"36":{"start":{"line":37,"column":0},"end":{"line":37,"column":44}},"37":{"start":{"line":38,"column":0},"end":{"line":38,"column":21}},"40":{"start":{"line":41,"column":0},"end":{"line":41,"column":31}},"41":{"start":{"line":42,"column":0},"end":{"line":42,"column":58}},"43":{"start":{"line":44,"column":0},"end":{"line":44,"column":31}},"44":{"start":{"line":45,"column":0},"end":{"line":45,"column":27}},"45":{"start":{"line":46,"column":0},"end":{"line":46,"column":24}},"46":{"start":{"line":47,"column":0},"end":{"line":47,"column":5}},"47":{"start":{"line":48,"column":0},"end":{"line":48,"column":3}},"50":{"start":{"line":51,"column":0},"end":{"line":51,"column":57}},"51":{"start":{"line":52,"column":0},"end":{"line":52,"column":57}},"53":{"start":{"line":54,"column":0},"end":{"line":54,"column":46}},"54":{"start":{"line":55,"column":0},"end":{"line":55,"column":34}},"55":{"start":{"line":56,"column":0},"end":{"line":56,"column":56}},"56":{"start":{"line":57,"column":0},"end":{"line":57,"column":3}},"58":{"start":{"line":59,"column":0},"end":{"line":59,"column":19}},"59":{"start":{"line":60,"column":0},"end":{"line":60,"column":1}},"68":{"start":{"line":69,"column":0},"end":{"line":69,"column":37}},"69":{"start":{"line":70,"column":0},"end":{"line":70,"column":25}},"70":{"start":{"line":71,"column":0},"end":{"line":71,"column":21}},"71":{"start":{"line":72,"column":0},"end":{"line":72,"column":11}},"72":{"start":{"line":73,"column":0},"end":{"line":73,"column":61}},"73":{"start":{"line":74,"column":0},"end":{"line":74,"column":55}},"74":{"start":{"line":75,"column":0},"end":{"line":75,"column":48}},"75":{"start":{"line":76,"column":0},"end":{"line":76,"column":1}},"88":{"start":{"line":89,"column":0},"end":{"line":89,"column":37}},"89":{"start":{"line":90,"column":0},"end":{"line":90,"column":28}},"90":{"start":{"line":91,"column":0},"end":{"line":91,"column":25}},"91":{"start":{"line":92,"column":0},"end":{"line":92,"column":61}},"92":{"start":{"line":93,"column":0},"end":{"line":93,"column":26}},"93":{"start":{"line":94,"column":0},"end":{"line":94,"column":27}},"94":{"start":{"line":95,"column":0},"end":{"line":95,"column":34}},"95":{"start":{"line":96,"column":0},"end":{"line":96,"column":70}},"96":{"start":{"line":97,"column":0},"end":{"line":97,"column":4}},"97":{"start":{"line":98,"column":0},"end":{"line":98,"column":1}},"108":{"start":{"line":109,"column":0},"end":{"line":109,"column":38}},"109":{"start":{"line":110,"column":0},"end":{"line":110,"column":20}},"110":{"start":{"line":111,"column":0},"end":{"line":111,"column":18}},"111":{"start":{"line":112,"column":0},"end":{"line":112,"column":24}},"112":{"start":{"line":113,"column":0},"end":{"line":113,"column":19}},"113":{"start":{"line":114,"column":0},"end":{"line":114,"column":33}},"114":{"start":{"line":115,"column":0},"end":{"line":115,"column":58}},"115":{"start":{"line":116,"column":0},"end":{"line":116,"column":52}},"116":{"start":{"line":117,"column":0},"end":{"line":117,"column":37}},"117":{"start":{"line":118,"column":0},"end":{"line":118,"column":5}},"118":{"start":{"line":119,"column":0},"end":{"line":119,"column":1}},"128":{"start":{"line":129,"column":0},"end":{"line":129,"column":37}},"129":{"start":{"line":130,"column":0},"end":{"line":130,"column":28}},"130":{"start":{"line":131,"column":0},"end":{"line":131,"column":25}},"131":{"start":{"line":132,"column":0},"end":{"line":132,"column":60}},"137":{"start":{"line":138,"column":0},"end":{"line":138,"column":3}},"138":{"start":{"line":139,"column":0},"end":{"line":139,"column":42}},"139":{"start":{"line":140,"column":0},"end":{"line":140,"column":30}},"141":{"start":{"line":142,"column":0},"end":{"line":142,"column":37}},"142":{"start":{"line":143,"column":0},"end":{"line":143,"column":82}},"143":{"start":{"line":144,"column":0},"end":{"line":144,"column":30}},"144":{"start":{"line":145,"column":0},"end":{"line":145,"column":28}},"145":{"start":{"line":146,"column":0},"end":{"line":146,"column":5}},"146":{"start":{"line":147,"column":0},"end":{"line":147,"column":3}},"148":{"start":{"line":149,"column":0},"end":{"line":149,"column":70}},"149":{"start":{"line":150,"column":0},"end":{"line":150,"column":47}},"150":{"start":{"line":151,"column":0},"end":{"line":151,"column":50}},"151":{"start":{"line":152,"column":0},"end":{"line":152,"column":8}},"153":{"start":{"line":154,"column":0},"end":{"line":154,"column":10}},"154":{"start":{"line":155,"column":0},"end":{"line":155,"column":19}},"155":{"start":{"line":156,"column":0},"end":{"line":156,"column":24}},"156":{"start":{"line":157,"column":0},"end":{"line":157,"column":27}},"157":{"start":{"line":158,"column":0},"end":{"line":158,"column":22}},"158":{"start":{"line":159,"column":0},"end":{"line":159,"column":4}},"159":{"start":{"line":160,"column":0},"end":{"line":160,"column":1}}},"s":{"7":1,"12":1,"26":1,"27":127,"28":127,"29":127,"30":127,"31":127,"32":127,"33":6,"34":6,"36":121,"37":121,"40":127,"41":465,"43":465,"44":119,"45":119,"46":119,"47":465,"50":121,"51":121,"53":127,"54":117,"55":117,"56":117,"58":4,"59":4,"68":1,"69":470,"70":470,"71":470,"72":470,"73":470,"74":470,"75":470,"88":1,"89":2,"90":2,"91":2,"92":2,"93":2,"94":2,"95":4,"96":2,"97":2,"108":1,"109":3,"110":3,"111":3,"112":3,"113":3,"114":9,"115":9,"116":9,"117":3,"118":3,"128":1,"129":3,"130":3,"131":3,"137":3,"138":3,"139":3,"141":3,"142":7,"143":7,"144":6,"145":6,"146":7,"148":3,"149":3,"150":2,"151":1,"153":3,"154":3,"155":3,"156":3,"157":3,"158":3,"159":3},"branchMap":{"0":{"type":"branch","line":27,"loc":{"start":{"line":27,"column":7},"end":{"line":60,"column":1}},"locations":[{"start":{"line":27,"column":7},"end":{"line":60,"column":1}}]},"1":{"type":"branch","line":33,"loc":{"start":{"line":33,"column":38},"end":{"line":35,"column":3}},"locations":[{"start":{"line":33,"column":38},"end":{"line":35,"column":3}}]},"2":{"type":"branch","line":35,"loc":{"start":{"line":35,"column":2},"end":{"line":41,"column":30}},"locations":[{"start":{"line":35,"column":2},"end":{"line":41,"column":30}}]},"3":{"type":"branch","line":41,"loc":{"start":{"line":41,"column":30},"end":{"line":48,"column":3}},"locations":[{"start":{"line":41,"column":30},"end":{"line":48,"column":3}}]},"4":{"type":"branch","line":44,"loc":{"start":{"line":44,"column":30},"end":{"line":47,"column":5}},"locations":[{"start":{"line":44,"column":30},"end":{"line":47,"column":5}}]},"5":{"type":"branch","line":48,"loc":{"start":{"line":48,"column":2},"end":{"line":54,"column":45}},"locations":[{"start":{"line":48,"column":2},"end":{"line":54,"column":45}}]},"6":{"type":"branch","line":48,"loc":{"start":{"line":48,"column":2},"end":{"line":54,"column":19}},"locations":[{"start":{"line":48,"column":2},"end":{"line":54,"column":19}}]},"7":{"type":"branch","line":54,"loc":{"start":{"line":54,"column":6},"end":{"line":54,"column":45}},"locations":[{"start":{"line":54,"column":6},"end":{"line":54,"column":45}}]},"8":{"type":"branch","line":54,"loc":{"start":{"line":54,"column":45},"end":{"line":57,"column":3}},"locations":[{"start":{"line":54,"column":45},"end":{"line":57,"column":3}}]},"9":{"type":"branch","line":56,"loc":{"start":{"line":56,"column":11},"end":{"line":56,"column":50}},"locations":[{"start":{"line":56,"column":11},"end":{"line":56,"column":50}}]},"10":{"type":"branch","line":56,"loc":{"start":{"line":56,"column":46},"end":{"line":56,"column":56}},"locations":[{"start":{"line":56,"column":46},"end":{"line":56,"column":56}}]},"11":{"type":"branch","line":57,"loc":{"start":{"line":57,"column":2},"end":{"line":60,"column":1}},"locations":[{"start":{"line":57,"column":2},"end":{"line":60,"column":1}}]},"12":{"type":"branch","line":69,"loc":{"start":{"line":69,"column":7},"end":{"line":76,"column":1}},"locations":[{"start":{"line":69,"column":7},"end":{"line":76,"column":1}}]},"13":{"type":"branch","line":89,"loc":{"start":{"line":89,"column":7},"end":{"line":98,"column":1}},"locations":[{"start":{"line":89,"column":7},"end":{"line":98,"column":1}}]},"14":{"type":"branch","line":95,"loc":{"start":{"line":95,"column":23},"end":{"line":96,"column":70}},"locations":[{"start":{"line":95,"column":23},"end":{"line":96,"column":70}}]},"15":{"type":"branch","line":109,"loc":{"start":{"line":109,"column":7},"end":{"line":119,"column":1}},"locations":[{"start":{"line":109,"column":7},"end":{"line":119,"column":1}}]},"16":{"type":"branch","line":114,"loc":{"start":{"line":114,"column":23},"end":{"line":118,"column":3}},"locations":[{"start":{"line":114,"column":23},"end":{"line":118,"column":3}}]},"17":{"type":"branch","line":129,"loc":{"start":{"line":129,"column":7},"end":{"line":160,"column":1}},"locations":[{"start":{"line":129,"column":7},"end":{"line":160,"column":1}}]},"18":{"type":"branch","line":142,"loc":{"start":{"line":142,"column":36},"end":{"line":147,"column":3}},"locations":[{"start":{"line":142,"column":36},"end":{"line":147,"column":3}}]},"19":{"type":"branch","line":144,"loc":{"start":{"line":144,"column":29},"end":{"line":146,"column":5}},"locations":[{"start":{"line":144,"column":29},"end":{"line":146,"column":5}}]},"20":{"type":"branch","line":150,"loc":{"start":{"line":150,"column":46},"end":{"line":151,"column":50}},"locations":[{"start":{"line":150,"column":46},"end":{"line":151,"column":50}}]},"21":{"type":"branch","line":151,"loc":{"start":{"line":151,"column":47},"end":{"line":152,"column":8}},"locations":[{"start":{"line":151,"column":47},"end":{"line":152,"column":8}}]}},"b":{"0":[127],"1":[6],"2":[121],"3":[465],"4":[119],"5":[122],"6":[121],"7":[118],"8":[117],"9":[105],"10":[12],"11":[4],"12":[470],"13":[2],"14":[4],"15":[3],"16":[9],"17":[3],"18":[7],"19":[6],"20":[2],"21":[1]},"fnMap":{"0":{"name":"findChordForSyllable","decl":{"start":{"line":27,"column":7},"end":{"line":60,"column":1}},"loc":{"start":{"line":27,"column":7},"end":{"line":60,"column":1}},"line":27},"1":{"name":"calculateTimeOverlap","decl":{"start":{"line":69,"column":7},"end":{"line":76,"column":1}},"loc":{"start":{"line":69,"column":7},"end":{"line":76,"column":1}},"line":69},"2":{"name":"mapChordsToSyllables","decl":{"start":{"line":89,"column":7},"end":{"line":98,"column":1}},"loc":{"start":{"line":89,"column":7},"end":{"line":98,"column":1}},"line":89},"3":{"name":"findOverlappingChords","decl":{"start":{"line":109,"column":7},"end":{"line":119,"column":1}},"loc":{"start":{"line":109,"column":7},"end":{"line":119,"column":1}},"line":109},"4":{"name":"getChordMappingStats","decl":{"start":{"line":129,"column":7},"end":{"line":160,"column":1}},"loc":{"start":{"line":129,"column":7},"end":{"line":160,"column":1}},"line":129}},"f":{"0":127,"1":470,"2":2,"3":3,"4":3}}
,"/Users/danielconnolly/Projects/Performia/frontend/src/adapters/utils/chordSimplifier.ts": {"path":"/Users/danielconnolly/Projects/Performia/frontend/src/adapters/utils/chordSimplifier.ts","all":false,"statementMap":{"23":{"start":{"line":24,"column":0},"end":{"line":24,"column":59}},"25":{"start":{"line":26,"column":0},"end":{"line":26,"column":44}},"26":{"start":{"line":27,"column":0},"end":{"line":27,"column":14}},"27":{"start":{"line":28,"column":0},"end":{"line":28,"column":3}},"30":{"start":{"line":31,"column":0},"end":{"line":31,"column":33}},"32":{"start":{"line":33,"column":0},"end":{"line":33,"column":27}},"34":{"start":{"line":35,"column":0},"end":{"line":35,"column":17}},"35":{"start":{"line":36,"column":0},"end":{"line":36,"column":3}},"37":{"start":{"line":38,"column":0},"end":{"line":38,"column":54}},"38":{"start":{"line":39,"column":0},"end":{"line":39,"column":60}},"41":{"start":{"line":42,"column":0},"end":{"line":42,"column":26}},"42":{"start":{"line":43,"column":0},"end":{"line":43,"column":16}},"43":{"start":{"line":44,"column":0},"end":{"line":44,"column":3}},"46":{"start":{"line":47,"column":0},"end":{"line":47,"column":34}},"47":{"start":{"line":48,"column":0},"end":{"line":48,"column":70}},"48":{"start":{"line":49,"column":0},"end":{"line":49,"column":35}},"49":{"start":{"line":50,"column":0},"end":{"line":50,"column":3}},"52":{"start":{"line":53,"column":0},"end":{"line":53,"column":34}},"53":{"start":{"line":54,"column":0},"end":{"line":54,"column":70}},"54":{"start":{"line":55,"column":0},"end":{"line":55,"column":37}},"55":{"start":{"line":56,"column":0},"end":{"line":56,"column":3}},"59":{"start":{"line":60,"column":0},"end":{"line":60,"column":29}},"60":{"start":{"line":61,"column":0},"end":{"line":61,"column":1}},"68":{"start":{"line":69,"column":0},"end":{"line":69,"column":65}},"69":{"start":{"line":70,"column":0},"end":{"line":70,"column":40}},"70":{"start":{"line":71,"column":0},"end":{"line":71,"column":1}},"78":{"start":{"line":79,"column":0},"end":{"line":79,"column":54}},"79":{"start":{"line":80,"column":0},"end":{"line":80,"column":30}},"80":{"start":{"line":81,"column":0},"end":{"line":81,"column":1}}},"s":{"23":1,"25":125,"26":2,"27":2,"30":123,"32":125,"34":2,"35":2,"37":121,"38":121,"41":125,"42":111,"43":111,"46":20,"47":5,"48":5,"49":5,"52":20,"53":2,"54":2,"55":2,"59":3,"60":3,"68":1,"69":1,"70":1,"78":1,"79":5,"80":5},"branchMap":{"0":{"type":"branch","line":24,"loc":{"start":{"line":24,"column":7},"end":{"line":61,"column":1}},"locations":[{"start":{"line":24,"column":7},"end":{"line":61,"column":1}}]},"1":{"type":"branch","line":26,"loc":{"start":{"line":26,"column":7},"end":{"line":26,"column":43}},"locations":[{"start":{"line":26,"column":7},"end":{"line":26,"column":43}}]},"2":{"type":"branch","line":26,"loc":{"start":{"line":26,"column":43},"end":{"line":28,"column":3}},"locations":[{"start":{"line":26,"column":43},"end":{"line":28,"column":3}}]},"3":{"type":"branch","line":28,"loc":{"start":{"line":28,"column":2},"end":{"line":33,"column":26}},"locations":[{"start":{"line":28,"column":2},"end":{"line":33,"column":26}}]},"4":{"type":"branch","line":33,"loc":{"start":{"line":33,"column":26},"end":{"line":36,"column":3}},"locations":[{"start":{"line":33,"column":26},"end":{"line":36,"column":3}}]},"5":{"type":"branch","line":36,"loc":{"start":{"line":36,"column":2},"end":{"line":42,"column":25}},"locations":[{"start":{"line":36,"column":2},"end":{"line":42,"column":25}}]},"6":{"type":"branch","line":42,"loc":{"start":{"line":42,"column":25},"end":{"line":44,"column":3}},"locations":[{"start":{"line":42,"column":25},"end":{"line":44,"column":3}}]},"7":{"type":"branch","line":44,"loc":{"start":{"line":44,"column":2},"end":{"line":61,"column":1}},"locations":[{"start":{"line":44,"column":2},"end":{"line":61,"column":1}}]},"8":{"type":"branch","line":44,"loc":{"start":{"line":44,"column":2},"end":{"line":47,"column":33}},"locations":[{"start":{"line":44,"column":2},"end":{"line":47,"column":33}}]},"9":{"type":"branch","line":47,"loc":{"start":{"line":47,"column":33},"end":{"line":53,"column":33}},"locations":[{"start":{"line":47,"column":33},"end":{"line":53,"column":33}}]},"10":{"type":"branch","line":53,"loc":{"start":{"line":53,"column":33},"end":{"line":56,"column":3}},"locations":[{"start":{"line":53,"column":33},"end":{"line":56,"column":3}}]},"11":{"type":"branch","line":56,"loc":{"start":{"line":56,"column":2},"end":{"line":61,"column":1}},"locations":[{"start":{"line":56,"column":2},"end":{"line":61,"column":1}}]},"12":{"type":"branch","line":69,"loc":{"start":{"line":69,"column":7},"end":{"line":71,"column":1}},"locations":[{"start":{"line":69,"column":7},"end":{"line":71,"column":1}}]},"13":{"type":"branch","line":79,"loc":{"start":{"line":79,"column":7},"end":{"line":81,"column":1}},"locations":[{"start":{"line":79,"column":7},"end":{"line":81,"column":1}}]}},"b":{"0":[125],"1":[123],"2":[2],"3":[123],"4":[2],"5":[121],"6":[111],"7":[20],"8":[10],"9":[5],"10":[2],"11":[3],"12":[1],"13":[5]},"fnMap":{"0":{"name":"simplifyChordLabel","decl":{"start":{"line":24,"column":7},"end":{"line":61,"column":1}},"loc":{"start":{"line":24,"column":7},"end":{"line":61,"column":1}},"line":24},"1":{"name":"simplifyChordLabels","decl":{"start":{"line":69,"column":7},"end":{"line":71,"column":1}},"loc":{"start":{"line":69,"column":7},"end":{"line":71,"column":1}},"line":69},"2":{"name":"isSimplified","decl":{"start":{"line":79,"column":7},"end":{"line":81,"column":1}},"loc":{"start":{"line":79,"column":7},"end":{"line":81,"column":1}},"line":79}},"f":{"0":125,"1":1,"2":5}}
,"/Users/danielconnolly/Projects/Performia/frontend/src/adapters/utils/lyricGrouper.ts": {"path":"/Users/danielconnolly/Projects/Performia/frontend/src/adapters/utils/lyricGrouper.ts","all":false,"statementMap":{"11":{"start":{"line":12,"column":0},"end":{"line":12,"column":48}},"25":{"start":{"line":26,"column":0},"end":{"line":26,"column":37}},"26":{"start":{"line":27,"column":0},"end":{"line":27,"column":25}},"27":{"start":{"line":28,"column":0},"end":{"line":28,"column":23}},"28":{"start":{"line":29,"column":0},"end":{"line":29,"column":21}},"29":{"start":{"line":30,"column":0},"end":{"line":30,"column":59}},"30":{"start":{"line":31,"column":0},"end":{"line":31,"column":21}},"32":{"start":{"line":33,"column":0},"end":{"line":33,"column":38}},"33":{"start":{"line":34,"column":0},"end":{"line":34,"column":68}},"34":{"start":{"line":35,"column":0},"end":{"line":35,"column":4}},"36":{"start":{"line":37,"column":0},"end":{"line":37,"column":35}},"37":{"start":{"line":38,"column":0},"end":{"line":38,"column":43}},"38":{"start":{"line":39,"column":0},"end":{"line":39,"column":3}},"41":{"start":{"line":42,"column":0},"end":{"line":42,"column":35}},"42":{"start":{"line":43,"column":0},"end":{"line":43,"column":27}},"43":{"start":{"line":44,"column":0},"end":{"line":44,"column":3}},"46":{"start":{"line":47,"column":0},"end":{"line":47,"column":37}},"47":{"start":{"line":48,"column":0},"end":{"line":48,"column":55}},"49":{"start":{"line":50,"column":0},"end":{"line":50,"column":50}},"50":{"start":{"line":51,"column":0},"end":{"line":51,"column":38}},"51":{"start":{"line":52,"column":0},"end":{"line":52,"column":34}},"54":{"start":{"line":55,"column":0},"end":{"line":55,"column":38}},"56":{"start":{"line":57,"column":0},"end":{"line":57,"column":35}},"58":{"start":{"line":59,"column":0},"end":{"line":59,"column":30}},"59":{"start":{"line":60,"column":0},"end":{"line":60,"column":27}},"60":{"start":{"line":61,"column":0},"end":{"line":61,"column":12}},"62":{"start":{"line":63,"column":0},"end":{"line":63,"column":29}},"63":{"start":{"line":64,"column":0},"end":{"line":64,"column":5}},"64":{"start":{"line":65,"column":0},"end":{"line":65,"column":3}},"67":{"start":{"line":68,"column":0},"end":{"line":68,"column":31}},"68":{"start":{"line":69,"column":0},"end":{"line":69,"column":28}},"69":{"start":{"line":70,"column":0},"end":{"line":70,"column":3}},"71":{"start":{"line":72,"column":0},"end":{"line":72,"column":15}},"72":{"start":{"line":73,"column":0},"end":{"line":73,"column":1}},"82":{"start":{"line":83,"column":0},"end":{"line":83,"column":40}},"83":{"start":{"line":84,"column":0},"end":{"line":84,"column":25}},"84":{"start":{"line":85,"column":0},"end":{"line":85,"column":59}},"85":{"start":{"line":86,"column":0},"end":{"line":86,"column":21}},"86":{"start":{"line":87,"column":0},"end":{"line":87,"column":28}},"87":{"start":{"line":88,"column":0},"end":{"line":88,"column":14}},"88":{"start":{"line":89,"column":0},"end":{"line":89,"column":3}},"91":{"start":{"line":92,"column":0},"end":{"line":92,"column":36}},"92":{"start":{"line":93,"column":0},"end":{"line":93,"column":54}},"95":{"start":{"line":96,"column":0},"end":{"line":96,"column":82}},"96":{"start":{"line":97,"column":0},"end":{"line":97,"column":1}},"105":{"start":{"line":106,"column":0},"end":{"line":106,"column":64}},"111":{"start":{"line":112,"column":0},"end":{"line":112,"column":3}},"112":{"start":{"line":113,"column":0},"end":{"line":113,"column":34}},"113":{"start":{"line":114,"column":0},"end":{"line":114,"column":72}},"114":{"start":{"line":115,"column":0},"end":{"line":115,"column":73}},"116":{"start":{"line":117,"column":0},"end":{"line":117,"column":53}},"117":{"start":{"line":118,"column":0},"end":{"line":118,"column":73}},"118":{"start":{"line":119,"column":0},"end":{"line":119,"column":73}},"120":{"start":{"line":121,"column":0},"end":{"line":121,"column":10}},"121":{"start":{"line":122,"column":0},"end":{"line":122,"column":15}},"122":{"start":{"line":123,"column":0},"end":{"line":123,"column":16}},"123":{"start":{"line":124,"column":0},"end":{"line":124,"column":21}},"124":{"start":{"line":125,"column":0},"end":{"line":125,"column":21}},"125":{"start":{"line":126,"column":0},"end":{"line":126,"column":20}},"126":{"start":{"line":127,"column":0},"end":{"line":127,"column":4}},"127":{"start":{"line":128,"column":0},"end":{"line":128,"column":1}}},"s":{"11":1,"25":1,"26":24,"27":24,"28":24,"29":24,"30":24,"32":24,"33":24,"34":24,"36":24,"37":2,"38":2,"41":24,"42":1,"43":1,"46":21,"47":21,"49":24,"50":94,"51":94,"54":94,"56":94,"58":19,"59":19,"60":94,"62":75,"63":75,"64":94,"67":21,"68":21,"69":21,"71":21,"72":21,"82":1,"83":3,"84":3,"85":3,"86":3,"87":1,"88":1,"91":2,"92":2,"95":2,"96":2,"105":1,"111":2,"112":2,"113":2,"114":2,"116":2,"117":2,"118":2,"120":2,"121":2,"122":2,"123":2,"124":2,"125":2,"126":2,"127":2},"branchMap":{"0":{"type":"branch","line":26,"loc":{"start":{"line":26,"column":7},"end":{"line":73,"column":1}},"locations":[{"start":{"line":26,"column":7},"end":{"line":73,"column":1}}]},"1":{"type":"branch","line":37,"loc":{"start":{"line":37,"column":34},"end":{"line":39,"column":3}},"locations":[{"start":{"line":37,"column":34},"end":{"line":39,"column":3}}]},"2":{"type":"branch","line":39,"loc":{"start":{"line":39,"column":2},"end":{"line":42,"column":34}},"locations":[{"start":{"line":39,"column":2},"end":{"line":42,"column":34}}]},"3":{"type":"branch","line":42,"loc":{"start":{"line":42,"column":34},"end":{"line":44,"column":3}},"locations":[{"start":{"line":42,"column":34},"end":{"line":44,"column":3}}]},"4":{"type":"branch","line":44,"loc":{"start":{"line":44,"column":2},"end":{"line":50,"column":49}},"locations":[{"start":{"line":44,"column":2},"end":{"line":50,"column":49}}]},"5":{"type":"branch","line":50,"loc":{"start":{"line":50,"column":49},"end":{"line":65,"column":3}},"locations":[{"start":{"line":50,"column":49},"end":{"line":65,"column":3}}]},"6":{"type":"branch","line":57,"loc":{"start":{"line":57,"column":34},"end":{"line":61,"column":11}},"locations":[{"start":{"line":57,"column":34},"end":{"line":61,"column":11}}]},"7":{"type":"branch","line":61,"loc":{"start":{"line":61,"column":4},"end":{"line":64,"column":5}},"locations":[{"start":{"line":61,"column":4},"end":{"line":64,"column":5}}]},"8":{"type":"branch","line":65,"loc":{"start":{"line":65,"column":2},"end":{"line":73,"column":1}},"locations":[{"start":{"line":65,"column":2},"end":{"line":73,"column":1}}]},"9":{"type":"branch","line":34,"loc":{"start":{"line":34,"column":4},"end":{"line":34,"column":68}},"locations":[{"start":{"line":34,"column":4},"end":{"line":34,"column":68}}]},"10":{"type":"branch","line":34,"loc":{"start":{"line":34,"column":28},"end":{"line":34,"column":68}},"locations":[{"start":{"line":34,"column":28},"end":{"line":34,"column":68}}]},"11":{"type":"branch","line":83,"loc":{"start":{"line":83,"column":7},"end":{"line":97,"column":1}},"locations":[{"start":{"line":83,"column":7},"end":{"line":97,"column":1}}]},"12":{"type":"branch","line":87,"loc":{"start":{"line":87,"column":27},"end":{"line":89,"column":3}},"locations":[{"start":{"line":87,"column":27},"end":{"line":89,"column":3}}]},"13":{"type":"branch","line":89,"loc":{"start":{"line":89,"column":2},"end":{"line":97,"column":1}},"locations":[{"start":{"line":89,"column":2},"end":{"line":97,"column":1}}]},"14":{"type":"branch","line":93,"loc":{"start":{"line":93,"column":41},"end":{"line":93,"column":51}},"locations":[{"start":{"line":93,"column":41},"end":{"line":93,"column":51}}]},"15":{"type":"branch","line":106,"loc":{"start":{"line":106,"column":7},"end":{"line":128,"column":1}},"locations":[{"start":{"line":106,"column":7},"end":{"line":128,"column":1}}]},"16":{"type":"branch","line":115,"loc":{"start":{"line":115,"column":40},"end":{"line":115,"column":71}},"locations":[{"start":{"line":115,"column":40},"end":{"line":115,"column":71}}]},"17":{"type":"branch","line":115,"loc":{"start":{"line":115,"column":58},"end":{"line":115,"column":73}},"locations":[{"start":{"line":115,"column":58},"end":{"line":115,"column":73}}]},"18":{"type":"branch","line":118,"loc":{"start":{"line":118,"column":40},"end":{"line":118,"column":71}},"locations":[{"start":{"line":118,"column":40},"end":{"line":118,"column":71}}]},"19":{"type":"branch","line":118,"loc":{"start":{"line":118,"column":67},"end":{"line":118,"column":73}},"locations":[{"start":{"line":118,"column":67},"end":{"line":118,"column":73}}]},"20":{"type":"branch","line":119,"loc":{"start":{"line":119,"column":40},"end":{"line":119,"column":71}},"locations":[{"start":{"line":119,"column":40},"end":{"line":119,"column":71}}]},"21":{"type":"branch","line":119,"loc":{"start":{"line":119,"column":67},"end":{"line":119,"column":73}},"locations":[{"start":{"line":119,"column":67},"end":{"line":119,"column":73}}]},"22":{"type":"branch","line":114,"loc":{"start":{"line":114,"column":35},"end":{"line":114,"column":69}},"locations":[{"start":{"line":114,"column":35},"end":{"line":114,"column":69}}]},"23":{"type":"branch","line":117,"loc":{"start":{"line":117,"column":32},"end":{"line":117,"column":51}},"locations":[{"start":{"line":117,"column":32},"end":{"line":117,"column":51}}]}},"b":{"0":[24],"1":[2],"2":[22],"3":[1],"4":[21],"5":[94],"6":[19],"7":[75],"8":[21],"9":[601],"10":[596],"11":[3],"12":[1],"13":[2],"14":[8],"15":[2],"16":[1],"17":[1],"18":[1],"19":[1],"20":[1],"21":[1],"22":[2],"23":[2]},"fnMap":{"0":{"name":"groupLyricsIntoLines","decl":{"start":{"line":26,"column":7},"end":{"line":73,"column":1}},"loc":{"start":{"line":26,"column":7},"end":{"line":73,"column":1}},"line":26},"1":{"name":"groupAllLyricsIntoLines","decl":{"start":{"line":83,"column":7},"end":{"line":97,"column":1}},"loc":{"start":{"line":83,"column":7},"end":{"line":97,"column":1}},"line":83},"2":{"name":"getLineGroupingStats","decl":{"start":{"line":106,"column":7},"end":{"line":128,"column":1}},"loc":{"start":{"line":106,"column":7},"end":{"line":128,"column":1}},"line":106}},"f":{"0":24,"1":3,"2":2}}
,"/Users/danielconnolly/Projects/Performia/frontend/src/adapters/utils/metadata.ts": {"path":"/Users/danielconnolly/Projects/Performia/frontend/src/adapters/utils/metadata.ts","all":false,"statementMap":{"14":{"start":{"line":15,"column":0},"end":{"line":15,"column":80}},"15":{"start":{"line":16,"column":0},"end":{"line":16,"column":41}},"16":{"start":{"line":17,"column":0},"end":{"line":17,"column":43}},"17":{"start":{"line":18,"column":0},"end":{"line":18,"column":37}},"18":{"start":{"line":19,"column":0},"end":{"line":19,"column":37}},"20":{"start":{"line":21,"column":0},"end":{"line":21,"column":37}},"21":{"start":{"line":22,"column":0},"end":{"line":22,"column":1}},"30":{"start":{"line":31,"column":0},"end":{"line":31,"column":66}},"31":{"start":{"line":32,"column":0},"end":{"line":32,"column":43}},"32":{"start":{"line":33,"column":0},"end":{"line":33,"column":68}},"33":{"start":{"line":34,"column":0},"end":{"line":34,"column":23}},"34":{"start":{"line":35,"column":0},"end":{"line":35,"column":26}},"35":{"start":{"line":36,"column":0},"end":{"line":36,"column":5}},"36":{"start":{"line":37,"column":0},"end":{"line":37,"column":3}},"37":{"start":{"line":38,"column":0},"end":{"line":38,"column":25}},"38":{"start":{"line":39,"column":0},"end":{"line":39,"column":1}},"47":{"start":{"line":48,"column":0},"end":{"line":48,"column":67}},"48":{"start":{"line":49,"column":0},"end":{"line":49,"column":43}},"49":{"start":{"line":50,"column":0},"end":{"line":50,"column":68}},"50":{"start":{"line":51,"column":0},"end":{"line":51,"column":24}},"51":{"start":{"line":52,"column":0},"end":{"line":52,"column":27}},"52":{"start":{"line":53,"column":0},"end":{"line":53,"column":5}},"53":{"start":{"line":54,"column":0},"end":{"line":54,"column":3}},"54":{"start":{"line":55,"column":0},"end":{"line":55,"column":26}},"55":{"start":{"line":56,"column":0},"end":{"line":56,"column":1}},"64":{"start":{"line":65,"column":0},"end":{"line":65,"column":64}},"65":{"start":{"line":66,"column":0},"end":{"line":66,"column":55}},"66":{"start":{"line":67,"column":0},"end":{"line":67,"column":21}},"67":{"start":{"line":68,"column":0},"end":{"line":68,"column":3}},"70":{"start":{"line":71,"column":0},"end":{"line":71,"column":39}},"71":{"start":{"line":72,"column":0},"end":{"line":72,"column":54}},"72":{"start":{"line":73,"column":0},"end":{"line":73,"column":1}},"81":{"start":{"line":82,"column":0},"end":{"line":82,"column":64}},"82":{"start":{"line":83,"column":0},"end":{"line":83,"column":42}},"83":{"start":{"line":84,"column":0},"end":{"line":84,"column":39}},"84":{"start":{"line":85,"column":0},"end":{"line":85,"column":1}},"94":{"start":{"line":95,"column":0},"end":{"line":95,"column":64}},"95":{"start":{"line":96,"column":0},"end":{"line":96,"column":71}},"96":{"start":{"line":97,"column":0},"end":{"line":97,"column":39}},"97":{"start":{"line":98,"column":0},"end":{"line":98,"column":1}},"109":{"start":{"line":110,"column":0},"end":{"line":110,"column":86}},"111":{"start":{"line":112,"column":0},"end":{"line":112,"column":57}},"114":{"start":{"line":115,"column":0},"end":{"line":115,"column":76}},"117":{"start":{"line":118,"column":0},"end":{"line":118,"column":42}},"119":{"start":{"line":120,"column":0},"end":{"line":120,"column":26}},"121":{"start":{"line":122,"column":0},"end":{"line":122,"column":12}},"122":{"start":{"line":123,"column":0},"end":{"line":123,"column":39}},"123":{"start":{"line":124,"column":0},"end":{"line":124,"column":39}},"124":{"start":{"line":125,"column":0},"end":{"line":125,"column":6}},"125":{"start":{"line":126,"column":0},"end":{"line":126,"column":34}},"127":{"start":{"line":128,"column":0},"end":{"line":128,"column":12}},"128":{"start":{"line":129,"column":0},"end":{"line":129,"column":38}},"129":{"start":{"line":130,"column":0},"end":{"line":130,"column":6}},"130":{"start":{"line":131,"column":0},"end":{"line":131,"column":3}},"132":{"start":{"line":133,"column":0},"end":{"line":133,"column":12}},"133":{"start":{"line":134,"column":0},"end":{"line":134,"column":1}},"142":{"start":{"line":143,"column":0},"end":{"line":143,"column":54}},"143":{"start":{"line":144,"column":0},"end":{"line":144,"column":12}},"144":{"start":{"line":145,"column":0},"end":{"line":145,"column":21}},"145":{"start":{"line":146,"column":0},"end":{"line":146,"column":76}},"146":{"start":{"line":147,"column":0},"end":{"line":147,"column":15}},"147":{"start":{"line":148,"column":0},"end":{"line":148,"column":1}}},"s":{"14":1,"15":22,"16":22,"17":22,"18":22,"20":22,"21":22,"30":1,"31":24,"32":23,"33":23,"34":23,"35":23,"36":23,"37":1,"38":1,"47":1,"48":24,"49":23,"50":23,"51":23,"52":23,"53":23,"54":1,"55":1,"64":1,"65":26,"66":2,"67":2,"70":24,"71":24,"72":24,"81":1,"82":26,"83":26,"84":26,"94":1,"95":30,"96":30,"97":30,"109":1,"111":54,"114":54,"117":54,"119":54,"121":50,"122":50,"123":50,"124":50,"125":54,"127":4,"128":4,"129":4,"130":4,"132":0,"133":0,"142":1,"143":109,"144":109,"145":109,"146":109,"147":109},"branchMap":{"0":{"type":"branch","line":15,"loc":{"start":{"line":15,"column":7},"end":{"line":22,"column":1}},"locations":[{"start":{"line":15,"column":7},"end":{"line":22,"column":1}}]},"1":{"type":"branch","line":31,"loc":{"start":{"line":31,"column":7},"end":{"line":39,"column":1}},"locations":[{"start":{"line":31,"column":7},"end":{"line":39,"column":1}}]},"2":{"type":"branch","line":32,"loc":{"start":{"line":32,"column":17},"end":{"line":32,"column":42}},"locations":[{"start":{"line":32,"column":17},"end":{"line":32,"column":42}}]},"3":{"type":"branch","line":32,"loc":{"start":{"line":32,"column":42},"end":{"line":37,"column":3}},"locations":[{"start":{"line":32,"column":42},"end":{"line":37,"column":3}}]},"4":{"type":"branch","line":37,"loc":{"start":{"line":37,"column":2},"end":{"line":39,"column":1}},"locations":[{"start":{"line":37,"column":2},"end":{"line":39,"column":1}}]},"5":{"type":"branch","line":48,"loc":{"start":{"line":48,"column":7},"end":{"line":56,"column":1}},"locations":[{"start":{"line":48,"column":7},"end":{"line":56,"column":1}}]},"6":{"type":"branch","line":49,"loc":{"start":{"line":49,"column":17},"end":{"line":49,"column":42}},"locations":[{"start":{"line":49,"column":17},"end":{"line":49,"column":42}}]},"7":{"type":"branch","line":49,"loc":{"start":{"line":49,"column":42},"end":{"line":54,"column":3}},"locations":[{"start":{"line":49,"column":42},"end":{"line":54,"column":3}}]},"8":{"type":"branch","line":54,"loc":{"start":{"line":54,"column":2},"end":{"line":56,"column":1}},"locations":[{"start":{"line":54,"column":2},"end":{"line":56,"column":1}}]},"9":{"type":"branch","line":65,"loc":{"start":{"line":65,"column":7},"end":{"line":73,"column":1}},"locations":[{"start":{"line":65,"column":7},"end":{"line":73,"column":1}}]},"10":{"type":"branch","line":66,"loc":{"start":{"line":66,"column":18},"end":{"line":66,"column":54}},"locations":[{"start":{"line":66,"column":18},"end":{"line":66,"column":54}}]},"11":{"type":"branch","line":66,"loc":{"start":{"line":66,"column":54},"end":{"line":68,"column":3}},"locations":[{"start":{"line":66,"column":54},"end":{"line":68,"column":3}}]},"12":{"type":"branch","line":68,"loc":{"start":{"line":68,"column":2},"end":{"line":73,"column":1}},"locations":[{"start":{"line":68,"column":2},"end":{"line":73,"column":1}}]},"13":{"type":"branch","line":82,"loc":{"start":{"line":82,"column":7},"end":{"line":85,"column":1}},"locations":[{"start":{"line":82,"column":7},"end":{"line":85,"column":1}}]},"14":{"type":"branch","line":84,"loc":{"start":{"line":84,"column":15},"end":{"line":84,"column":37}},"locations":[{"start":{"line":84,"column":15},"end":{"line":84,"column":37}}]},"15":{"type":"branch","line":84,"loc":{"start":{"line":84,"column":33},"end":{"line":84,"column":39}},"locations":[{"start":{"line":84,"column":33},"end":{"line":84,"column":39}}]},"16":{"type":"branch","line":95,"loc":{"start":{"line":95,"column":7},"end":{"line":98,"column":1}},"locations":[{"start":{"line":95,"column":7},"end":{"line":98,"column":1}}]},"17":{"type":"branch","line":110,"loc":{"start":{"line":110,"column":7},"end":{"line":134,"column":1}},"locations":[{"start":{"line":110,"column":7},"end":{"line":134,"column":1}}]},"18":{"type":"branch","line":112,"loc":{"start":{"line":112,"column":43},"end":{"line":112,"column":57}},"locations":[{"start":{"line":112,"column":43},"end":{"line":112,"column":57}}]},"19":{"type":"branch","line":120,"loc":{"start":{"line":120,"column":25},"end":{"line":126,"column":13}},"locations":[{"start":{"line":120,"column":25},"end":{"line":126,"column":13}}]},"20":{"type":"branch","line":126,"loc":{"start":{"line":126,"column":2},"end":{"line":134,"column":1}},"locations":[{"start":{"line":126,"column":2},"end":{"line":134,"column":1}}]},"21":{"type":"branch","line":126,"loc":{"start":{"line":126,"column":2},"end":{"line":131,"column":3}},"locations":[{"start":{"line":126,"column":2},"end":{"line":131,"column":3}}]},"22":{"type":"branch","line":131,"loc":{"start":{"line":131,"column":2},"end":{"line":134,"column":1}},"locations":[{"start":{"line":131,"column":2},"end":{"line":134,"column":1}}]},"23":{"type":"branch","line":143,"loc":{"start":{"line":143,"column":7},"end":{"line":148,"column":1}},"locations":[{"start":{"line":143,"column":7},"end":{"line":148,"column":1}}]},"24":{"type":"branch","line":146,"loc":{"start":{"line":146,"column":9},"end":{"line":146,"column":75}},"locations":[{"start":{"line":146,"column":9},"end":{"line":146,"column":75}}]}},"b":{"0":[22],"1":[24],"2":[23],"3":[23],"4":[1],"5":[24],"6":[23],"7":[23],"8":[1],"9":[26],"10":[24],"11":[2],"12":[24],"13":[26],"14":[23],"15":[3],"16":[30],"17":[54],"18":[0],"19":[50],"20":[12],"21":[4],"22":[0],"23":[109],"24":[115]},"fnMap":{"0":{"name":"extractMetadata","decl":{"start":{"line":15,"column":7},"end":{"line":22,"column":1}},"loc":{"start":{"line":15,"column":7},"end":{"line":22,"column":1}},"line":15},"1":{"name":"extractTitle","decl":{"start":{"line":31,"column":7},"end":{"line":39,"column":1}},"loc":{"start":{"line":31,"column":7},"end":{"line":39,"column":1}},"line":31},"2":{"name":"extractArtist","decl":{"start":{"line":48,"column":7},"end":{"line":56,"column":1}},"loc":{"start":{"line":48,"column":7},"end":{"line":56,"column":1}},"line":48},"3":{"name":"extractKey","decl":{"start":{"line":65,"column":7},"end":{"line":73,"column":1}},"loc":{"start":{"line":65,"column":7},"end":{"line":73,"column":1}},"line":65},"4":{"name":"extractBpm","decl":{"start":{"line":82,"column":7},"end":{"line":85,"column":1}},"loc":{"start":{"line":82,"column":7},"end":{"line":85,"column":1}},"line":82},"5":{"name":"formatKey","decl":{"start":{"line":95,"column":7},"end":{"line":98,"column":1}},"loc":{"start":{"line":95,"column":7},"end":{"line":98,"column":1}},"line":95},"6":{"name":"parseFilename","decl":{"start":{"line":110,"column":7},"end":{"line":134,"column":1}},"loc":{"start":{"line":110,"column":7},"end":{"line":134,"column":1}},"line":110},"7":{"name":"capitalizeWords","decl":{"start":{"line":143,"column":7},"end":{"line":148,"column":1}},"loc":{"start":{"line":143,"column":7},"end":{"line":148,"column":1}},"line":143}},"f":{"0":22,"1":24,"2":24,"3":26,"4":26,"5":30,"6":54,"7":109}}
,"/Users/danielconnolly/Projects/Performia/frontend/src/adapters/utils/sectionBuilder.ts": {"path":"/Users/danielconnolly/Projects/Performia/frontend/src/adapters/utils/sectionBuilder.ts","all":false,"statementMap":{"16":{"start":{"line":17,"column":0},"end":{"line":17,"column":54}},"17":{"start":{"line":18,"column":0},"end":{"line":18,"column":53}},"28":{"start":{"line":29,"column":0},"end":{"line":29,"column":89}},"29":{"start":{"line":30,"column":0},"end":{"line":30,"column":65}},"31":{"start":{"line":32,"column":0},"end":{"line":32,"column":13}},"32":{"start":{"line":33,"column":0},"end":{"line":33,"column":15}},"33":{"start":{"line":34,"column":0},"end":{"line":34,"column":35}},"34":{"start":{"line":35,"column":0},"end":{"line":35,"column":19}},"35":{"start":{"line":36,"column":0},"end":{"line":36,"column":7}},"36":{"start":{"line":37,"column":0},"end":{"line":37,"column":3}},"39":{"start":{"line":40,"column":0},"end":{"line":40,"column":76}},"42":{"start":{"line":43,"column":0},"end":{"line":43,"column":33}},"43":{"start":{"line":44,"column":0},"end":{"line":44,"column":25}},"44":{"start":{"line":45,"column":0},"end":{"line":45,"column":21}},"45":{"start":{"line":46,"column":0},"end":{"line":46,"column":41}},"46":{"start":{"line":47,"column":0},"end":{"line":47,"column":6}},"47":{"start":{"line":48,"column":0},"end":{"line":48,"column":1}},"61":{"start":{"line":62,"column":0},"end":{"line":62,"column":56}},"62":{"start":{"line":63,"column":0},"end":{"line":63,"column":14}},"63":{"start":{"line":64,"column":0},"end":{"line":64,"column":15}},"64":{"start":{"line":65,"column":0},"end":{"line":65,"column":62}},"65":{"start":{"line":66,"column":0},"end":{"line":66,"column":15}},"66":{"start":{"line":67,"column":0},"end":{"line":67,"column":1}},"82":{"start":{"line":83,"column":0},"end":{"line":83,"column":30}},"83":{"start":{"line":84,"column":0},"end":{"line":84,"column":39}},"84":{"start":{"line":85,"column":0},"end":{"line":85,"column":25}},"85":{"start":{"line":86,"column":0},"end":{"line":86,"column":25}},"86":{"start":{"line":87,"column":0},"end":{"line":87,"column":35}},"87":{"start":{"line":88,"column":0},"end":{"line":88,"column":38}},"88":{"start":{"line":89,"column":0},"end":{"line":89,"column":32}},"89":{"start":{"line":90,"column":0},"end":{"line":90,"column":14}},"90":{"start":{"line":91,"column":0},"end":{"line":91,"column":33}},"92":{"start":{"line":93,"column":0},"end":{"line":93,"column":45}},"94":{"start":{"line":95,"column":0},"end":{"line":95,"column":44}},"95":{"start":{"line":96,"column":0},"end":{"line":96,"column":13}},"96":{"start":{"line":97,"column":0},"end":{"line":97,"column":21}},"97":{"start":{"line":98,"column":0},"end":{"line":98,"column":19}},"98":{"start":{"line":99,"column":0},"end":{"line":99,"column":24}},"99":{"start":{"line":100,"column":0},"end":{"line":100,"column":6}},"102":{"start":{"line":103,"column":0},"end":{"line":103,"column":55}},"103":{"start":{"line":104,"column":0},"end":{"line":104,"column":61}},"104":{"start":{"line":105,"column":0},"end":{"line":105,"column":25}},"105":{"start":{"line":106,"column":0},"end":{"line":106,"column":31}},"106":{"start":{"line":107,"column":0},"end":{"line":107,"column":42}},"107":{"start":{"line":108,"column":0},"end":{"line":108,"column":36}},"108":{"start":{"line":109,"column":0},"end":{"line":109,"column":16}},"109":{"start":{"line":110,"column":0},"end":{"line":110,"column":17}},"110":{"start":{"line":111,"column":0},"end":{"line":111,"column":32}},"111":{"start":{"line":112,"column":0},"end":{"line":112,"column":24}},"112":{"start":{"line":113,"column":0},"end":{"line":113,"column":9}},"113":{"start":{"line":114,"column":0},"end":{"line":114,"column":10}},"115":{"start":{"line":116,"column":0},"end":{"line":116,"column":27}},"116":{"start":{"line":117,"column":0},"end":{"line":117,"column":7}},"119":{"start":{"line":120,"column":0},"end":{"line":120,"column":19}},"120":{"start":{"line":121,"column":0},"end":{"line":121,"column":27}},"121":{"start":{"line":122,"column":0},"end":{"line":122,"column":18}},"122":{"start":{"line":123,"column":0},"end":{"line":123,"column":7}},"123":{"start":{"line":124,"column":0},"end":{"line":124,"column":3}},"125":{"start":{"line":126,"column":0},"end":{"line":126,"column":18}},"126":{"start":{"line":127,"column":0},"end":{"line":127,"column":1}},"137":{"start":{"line":138,"column":0},"end":{"line":138,"column":72}},"138":{"start":{"line":139,"column":0},"end":{"line":139,"column":47}},"139":{"start":{"line":140,"column":0},"end":{"line":140,"column":52}},"142":{"start":{"line":143,"column":0},"end":{"line":143,"column":31}},"143":{"start":{"line":144,"column":0},"end":{"line":144,"column":34}},"144":{"start":{"line":145,"column":0},"end":{"line":145,"column":61}},"145":{"start":{"line":146,"column":0},"end":{"line":146,"column":5}},"148":{"start":{"line":149,"column":0},"end":{"line":149,"column":34}},"149":{"start":{"line":150,"column":0},"end":{"line":150,"column":34}},"152":{"start":{"line":153,"column":0},"end":{"line":153,"column":36}},"153":{"start":{"line":154,"column":0},"end":{"line":154,"column":53}},"154":{"start":{"line":155,"column":0},"end":{"line":155,"column":14}},"155":{"start":{"line":156,"column":0},"end":{"line":156,"column":19}},"156":{"start":{"line":157,"column":0},"end":{"line":157,"column":47}},"157":{"start":{"line":158,"column":0},"end":{"line":158,"column":8}},"158":{"start":{"line":159,"column":0},"end":{"line":159,"column":5}},"160":{"start":{"line":161,"column":0},"end":{"line":161,"column":19}},"161":{"start":{"line":162,"column":0},"end":{"line":162,"column":5}},"162":{"start":{"line":163,"column":0},"end":{"line":163,"column":1}},"170":{"start":{"line":171,"column":0},"end":{"line":171,"column":69}},"171":{"start":{"line":172,"column":0},"end":{"line":172,"column":62}},"172":{"start":{"line":173,"column":0},"end":{"line":173,"column":1}},"180":{"start":{"line":181,"column":0},"end":{"line":181,"column":55}},"187":{"start":{"line":188,"column":0},"end":{"line":188,"column":3}},"188":{"start":{"line":189,"column":0},"end":{"line":189,"column":40}},"189":{"start":{"line":190,"column":0},"end":{"line":190,"column":21}},"190":{"start":{"line":191,"column":0},"end":{"line":191,"column":25}},"191":{"start":{"line":192,"column":0},"end":{"line":192,"column":24}},"193":{"start":{"line":194,"column":0},"end":{"line":194,"column":31}},"194":{"start":{"line":195,"column":0},"end":{"line":195,"column":37}},"195":{"start":{"line":196,"column":0},"end":{"line":196,"column":22}},"196":{"start":{"line":197,"column":0},"end":{"line":197,"column":5}},"197":{"start":{"line":198,"column":0},"end":{"line":198,"column":39}},"198":{"start":{"line":199,"column":0},"end":{"line":199,"column":35}},"199":{"start":{"line":200,"column":0},"end":{"line":200,"column":46}},"200":{"start":{"line":201,"column":0},"end":{"line":201,"column":7}},"201":{"start":{"line":202,"column":0},"end":{"line":202,"column":5}},"203":{"start":{"line":204,"column":0},"end":{"line":204,"column":80}},"204":{"start":{"line":205,"column":0},"end":{"line":205,"column":79}},"206":{"start":{"line":207,"column":0},"end":{"line":207,"column":10}},"207":{"start":{"line":208,"column":0},"end":{"line":208,"column":18}},"208":{"start":{"line":209,"column":0},"end":{"line":209,"column":15}},"209":{"start":{"line":210,"column":0},"end":{"line":210,"column":19}},"210":{"start":{"line":211,"column":0},"end":{"line":211,"column":23}},"211":{"start":{"line":212,"column":0},"end":{"line":212,"column":24}},"212":{"start":{"line":213,"column":0},"end":{"line":213,"column":17}},"213":{"start":{"line":214,"column":0},"end":{"line":214,"column":4}},"214":{"start":{"line":215,"column":0},"end":{"line":215,"column":1}}},"s":{"16":1,"17":1,"28":1,"29":21,"31":2,"32":2,"33":2,"34":2,"35":2,"36":2,"39":19,"42":19,"43":20,"44":20,"45":20,"46":19,"47":19,"61":1,"62":20,"63":20,"64":20,"65":20,"66":20,"82":1,"83":21,"84":21,"85":21,"86":21,"87":21,"88":21,"89":21,"90":21,"92":21,"94":22,"95":22,"96":22,"97":22,"98":22,"99":22,"102":22,"103":37,"104":108,"105":108,"106":108,"107":108,"108":108,"109":108,"110":108,"111":108,"112":108,"113":37,"115":37,"116":22,"119":22,"120":22,"121":22,"122":22,"123":22,"125":21,"126":21,"137":1,"138":2,"139":2,"142":2,"143":6,"144":6,"145":2,"148":2,"149":6,"152":6,"153":2,"154":2,"155":2,"156":2,"157":2,"158":2,"160":4,"161":2,"162":2,"170":1,"171":2,"172":2,"180":1,"187":2,"188":2,"189":2,"190":2,"191":2,"193":2,"194":3,"195":1,"196":1,"197":3,"198":3,"199":2,"200":3,"201":2,"203":2,"204":2,"206":2,"207":2,"208":2,"209":2,"210":2,"211":2,"212":2,"213":2,"214":2},"branchMap":{"0":{"type":"branch","line":29,"loc":{"start":{"line":29,"column":7},"end":{"line":48,"column":1}},"locations":[{"start":{"line":29,"column":7},"end":{"line":48,"column":1}}]},"1":{"type":"branch","line":30,"loc":{"start":{"line":30,"column":18},"end":{"line":30,"column":64}},"locations":[{"start":{"line":30,"column":18},"end":{"line":30,"column":64}}]},"2":{"type":"branch","line":30,"loc":{"start":{"line":30,"column":64},"end":{"line":37,"column":3}},"locations":[{"start":{"line":30,"column":64},"end":{"line":37,"column":3}}]},"3":{"type":"branch","line":37,"loc":{"start":{"line":37,"column":2},"end":{"line":48,"column":1}},"locations":[{"start":{"line":37,"column":2},"end":{"line":48,"column":1}}]},"4":{"type":"branch","line":40,"loc":{"start":{"line":40,"column":47},"end":{"line":40,"column":74}},"locations":[{"start":{"line":40,"column":47},"end":{"line":40,"column":74}}]},"5":{"type":"branch","line":43,"loc":{"start":{"line":43,"column":20},"end":{"line":47,"column":4}},"locations":[{"start":{"line":43,"column":20},"end":{"line":47,"column":4}}]},"6":{"type":"branch","line":62,"loc":{"start":{"line":62,"column":7},"end":{"line":67,"column":1}},"locations":[{"start":{"line":62,"column":7},"end":{"line":67,"column":1}}]},"7":{"type":"branch","line":65,"loc":{"start":{"line":65,"column":9},"end":{"line":65,"column":61}},"locations":[{"start":{"line":65,"column":9},"end":{"line":65,"column":61}}]},"8":{"type":"branch","line":83,"loc":{"start":{"line":83,"column":7},"end":{"line":127,"column":1}},"locations":[{"start":{"line":83,"column":7},"end":{"line":127,"column":1}}]},"9":{"type":"branch","line":93,"loc":{"start":{"line":93,"column":44},"end":{"line":124,"column":3}},"locations":[{"start":{"line":93,"column":44},"end":{"line":124,"column":3}}]},"10":{"type":"branch","line":103,"loc":{"start":{"line":103,"column":41},"end":{"line":117,"column":5}},"locations":[{"start":{"line":103,"column":41},"end":{"line":117,"column":5}}]},"11":{"type":"branch","line":104,"loc":{"start":{"line":104,"column":50},"end":{"line":114,"column":8}},"locations":[{"start":{"line":104,"column":50},"end":{"line":114,"column":8}}]},"12":{"type":"branch","line":138,"loc":{"start":{"line":138,"column":7},"end":{"line":163,"column":1}},"locations":[{"start":{"line":138,"column":7},"end":{"line":163,"column":1}}]},"13":{"type":"branch","line":143,"loc":{"start":{"line":143,"column":19},"end":{"line":146,"column":3}},"locations":[{"start":{"line":143,"column":19},"end":{"line":146,"column":3}}]},"14":{"type":"branch","line":145,"loc":{"start":{"line":145,"column":49},"end":{"line":145,"column":59}},"locations":[{"start":{"line":145,"column":49},"end":{"line":145,"column":59}}]},"15":{"type":"branch","line":149,"loc":{"start":{"line":149,"column":22},"end":{"line":162,"column":3}},"locations":[{"start":{"line":149,"column":22},"end":{"line":162,"column":3}}]},"16":{"type":"branch","line":153,"loc":{"start":{"line":153,"column":35},"end":{"line":159,"column":5}},"locations":[{"start":{"line":153,"column":35},"end":{"line":159,"column":5}}]},"17":{"type":"branch","line":154,"loc":{"start":{"line":154,"column":41},"end":{"line":154,"column":51}},"locations":[{"start":{"line":154,"column":41},"end":{"line":154,"column":51}}]},"18":{"type":"branch","line":159,"loc":{"start":{"line":159,"column":4},"end":{"line":161,"column":19}},"locations":[{"start":{"line":159,"column":4},"end":{"line":161,"column":19}}]},"19":{"type":"branch","line":171,"loc":{"start":{"line":171,"column":7},"end":{"line":173,"column":1}},"locations":[{"start":{"line":171,"column":7},"end":{"line":173,"column":1}}]},"20":{"type":"branch","line":172,"loc":{"start":{"line":172,"column":25},"end":{"line":172,"column":60}},"locations":[{"start":{"line":172,"column":25},"end":{"line":172,"column":60}}]},"21":{"type":"branch","line":181,"loc":{"start":{"line":181,"column":7},"end":{"line":215,"column":1}},"locations":[{"start":{"line":181,"column":7},"end":{"line":215,"column":1}}]},"22":{"type":"branch","line":204,"loc":{"start":{"line":204,"column":45},"end":{"line":204,"column":78}},"locations":[{"start":{"line":204,"column":45},"end":{"line":204,"column":78}}]},"23":{"type":"branch","line":204,"loc":{"start":{"line":204,"column":62},"end":{"line":204,"column":80}},"locations":[{"start":{"line":204,"column":62},"end":{"line":204,"column":80}}]},"24":{"type":"branch","line":205,"loc":{"start":{"line":205,"column":43},"end":{"line":205,"column":77}},"locations":[{"start":{"line":205,"column":43},"end":{"line":205,"column":77}}]},"25":{"type":"branch","line":205,"loc":{"start":{"line":205,"column":64},"end":{"line":205,"column":79}},"locations":[{"start":{"line":205,"column":64},"end":{"line":205,"column":79}}]},"26":{"type":"branch","line":194,"loc":{"start":{"line":194,"column":19},"end":{"line":202,"column":3}},"locations":[{"start":{"line":194,"column":19},"end":{"line":202,"column":3}}]},"27":{"type":"branch","line":195,"loc":{"start":{"line":195,"column":36},"end":{"line":197,"column":5}},"locations":[{"start":{"line":195,"column":36},"end":{"line":197,"column":5}}]},"28":{"type":"branch","line":199,"loc":{"start":{"line":199,"column":26},"end":{"line":201,"column":5}},"locations":[{"start":{"line":199,"column":26},"end":{"line":201,"column":5}}]}},"b":{"0":[21],"1":[20],"2":[2],"3":[19],"4":[1],"5":[20],"6":[20],"7":[20],"8":[21],"9":[22],"10":[37],"11":[108],"12":[2],"13":[6],"14":[5],"15":[6],"16":[2],"17":[1],"18":[4],"19":[2],"20":[4],"21":[2],"22":[1],"23":[1],"24":[1],"25":[1],"26":[3],"27":[1],"28":[2]},"fnMap":{"0":{"name":"prepareSectionBoundaries","decl":{"start":{"line":29,"column":7},"end":{"line":48,"column":1}},"loc":{"start":{"line":29,"column":7},"end":{"line":48,"column":1}},"line":29},"1":{"name":"capitalizeLabel","decl":{"start":{"line":62,"column":7},"end":{"line":67,"column":1}},"loc":{"start":{"line":62,"column":7},"end":{"line":67,"column":1}},"line":62},"2":{"name":"buildSections","decl":{"start":{"line":83,"column":7},"end":{"line":127,"column":1}},"loc":{"start":{"line":83,"column":7},"end":{"line":127,"column":1}},"line":83},"3":{"name":"numberRepeatedSections","decl":{"start":{"line":138,"column":7},"end":{"line":163,"column":1}},"loc":{"start":{"line":138,"column":7},"end":{"line":163,"column":1}},"line":138},"4":{"name":"filterEmptySections","decl":{"start":{"line":171,"column":7},"end":{"line":173,"column":1}},"loc":{"start":{"line":171,"column":7},"end":{"line":173,"column":1}},"line":171},"5":{"name":"getSectionStats","decl":{"start":{"line":181,"column":7},"end":{"line":215,"column":1}},"loc":{"start":{"line":181,"column":7},"end":{"line":215,"column":1}},"line":181}},"f":{"0":21,"1":20,"2":21,"3":2,"4":2,"5":2}}
}
